
[2024-11-06T10:21:31.849Z] Command: dev
Breadcrumbs: unhandledRejection
Error: TypeError: Cannot assign to read only property 'stack' of object 'Error: [validate-component-meta] Directory import '/Users/yashkeshri/IdeaProjects/cube/material-ui/node_modules/@mui/x-charts/LineChart' is not supported resolving ES modules imported from /Users/yashkeshri/IdeaProjects/cube/material-ui/src/embeddable.com/components/MUILineChart/index.tsx
Did you mean to import "@mui/x-charts/node/LineChart/index.js"?'
TypeError: Cannot assign to read only property 'stack' of object 'Error: [validate-component-meta] Directory import '/Users/yashkeshri/IdeaProjects/cube/material-ui/node_modules/@mui/x-charts/LineChart' is not supported resolving ES modules imported from /Users/yashkeshri/IdeaProjects/cube/material-ui/src/embeddable.com/components/MUILineChart/index.tsx
Did you mean to import "@mui/x-charts/node/LineChart/index.js"?'
    at enhanceRollupError (file:///Users/yashkeshri/IdeaProjects/cube/material-ui/node_modules/vite/dist/node/chunks/dep-BWSbWtLw.js:65320:15)
    at outputBuildError (file:///Users/yashkeshri/IdeaProjects/cube/material-ui/node_modules/vite/dist/node/chunks/dep-BWSbWtLw.js:65325:5)
    at file:///Users/yashkeshri/IdeaProjects/cube/material-ui/node_modules/vite/dist/node/chunks/dep-BWSbWtLw.js:65436:11
    at file:///Users/yashkeshri/IdeaProjects/cube/material-ui/node_modules/rollup/dist/es/shared/node-entry.js:22159:117
    at Array.map (<anonymous>)
    at WatchEmitter.emit (file:///Users/yashkeshri/IdeaProjects/cube/material-ui/node_modules/rollup/dist/es/shared/node-entry.js:22159:102)
    at Task.run (file:///Users/yashkeshri/IdeaProjects/cube/material-ui/node_modules/rollup/dist/es/shared/watch.js:9258:40)
    at async Watcher.run (file:///Users/yashkeshri/IdeaProjects/cube/material-ui/node_modules/rollup/dist/es/shared/watch.js:9159:13)
OS: darwin
Node: v22.6.0
SDK Versions: {
  "@embeddable.com/core": "2.6.8",
  "@embeddable.com/react": "2.7.5",
  "@embeddable.com/sdk-core": "3.9.6",
  "@embeddable.com/sdk-react": "3.8.2",
  "@embeddable.com/sdk-utils": "0.4.0"
}
----------------------------------------

[2024-11-06T10:22:54.913Z] Command: dev
Breadcrumbs: unhandledRejection
Error: TypeError: Cannot assign to read only property 'stack' of object 'Error: [validate-component-meta] Directory import '/Users/yashkeshri/IdeaProjects/cube/material-ui/node_modules/@mui/x-charts/LineChart' is not supported resolving ES modules imported from /Users/yashkeshri/IdeaProjects/cube/material-ui/src/embeddable.com/components/MUILineChart/index.tsx
Did you mean to import "@mui/x-charts/node/LineChart/index.js"?'
TypeError: Cannot assign to read only property 'stack' of object 'Error: [validate-component-meta] Directory import '/Users/yashkeshri/IdeaProjects/cube/material-ui/node_modules/@mui/x-charts/LineChart' is not supported resolving ES modules imported from /Users/yashkeshri/IdeaProjects/cube/material-ui/src/embeddable.com/components/MUILineChart/index.tsx
Did you mean to import "@mui/x-charts/node/LineChart/index.js"?'
    at enhanceRollupError (file:///Users/yashkeshri/IdeaProjects/cube/material-ui/node_modules/vite/dist/node/chunks/dep-BWSbWtLw.js:65320:15)
    at outputBuildError (file:///Users/yashkeshri/IdeaProjects/cube/material-ui/node_modules/vite/dist/node/chunks/dep-BWSbWtLw.js:65325:5)
    at file:///Users/yashkeshri/IdeaProjects/cube/material-ui/node_modules/vite/dist/node/chunks/dep-BWSbWtLw.js:65436:11
    at file:///Users/yashkeshri/IdeaProjects/cube/material-ui/node_modules/rollup/dist/es/shared/node-entry.js:22159:117
    at Array.map (<anonymous>)
    at WatchEmitter.emit (file:///Users/yashkeshri/IdeaProjects/cube/material-ui/node_modules/rollup/dist/es/shared/node-entry.js:22159:102)
    at Task.run (file:///Users/yashkeshri/IdeaProjects/cube/material-ui/node_modules/rollup/dist/es/shared/watch.js:9258:40)
    at async Watcher.run (file:///Users/yashkeshri/IdeaProjects/cube/material-ui/node_modules/rollup/dist/es/shared/watch.js:9159:13)
OS: darwin
Node: v22.6.0
SDK Versions: {
  "@embeddable.com/core": "2.6.8",
  "@embeddable.com/react": "2.7.5",
  "@embeddable.com/sdk-core": "3.9.6",
  "@embeddable.com/sdk-react": "3.8.2",
  "@embeddable.com/sdk-utils": "0.4.0"
}
----------------------------------------

[2024-11-06T10:23:21.391Z] Command: build
Breadcrumbs: checkNodeVersion > sdk-react: validate > sdk-react: build
Error: TypeError: Cannot assign to read only property 'stack' of object 'Error: [validate-component-meta] Directory import '/Users/yashkeshri/IdeaProjects/cube/material-ui/node_modules/@mui/x-charts/LineChart' is not supported resolving ES modules imported from /Users/yashkeshri/IdeaProjects/cube/material-ui/src/embeddable.com/components/MUILineChart/index.tsx
Did you mean to import "@mui/x-charts/node/LineChart/index.js"?'
TypeError: Cannot assign to read only property 'stack' of object 'Error: [validate-component-meta] Directory import '/Users/yashkeshri/IdeaProjects/cube/material-ui/node_modules/@mui/x-charts/LineChart' is not supported resolving ES modules imported from /Users/yashkeshri/IdeaProjects/cube/material-ui/src/embeddable.com/components/MUILineChart/index.tsx
Did you mean to import "@mui/x-charts/node/LineChart/index.js"?'
    at enhanceRollupError (file:///Users/yashkeshri/IdeaProjects/cube/material-ui/node_modules/vite/dist/node/chunks/dep-BWSbWtLw.js:65320:15)
    at Module.build (file:///Users/yashkeshri/IdeaProjects/cube/material-ui/node_modules/vite/dist/node/chunks/dep-BWSbWtLw.js:65456:5)
    at async runViteBuild (/Users/yashkeshri/IdeaProjects/cube/material-ui/node_modules/@embeddable.com/sdk-react/src/generate.ts:38:10)
    at async generate (/Users/yashkeshri/IdeaProjects/cube/material-ui/node_modules/@embeddable.com/sdk-react/src/generate.ts:30:14)
    at async build (/Users/yashkeshri/IdeaProjects/cube/material-ui/node_modules/@embeddable.com/sdk-core/src/build.ts:40:7)
    at async main (/Users/yashkeshri/IdeaProjects/cube/material-ui/node_modules/@embeddable.com/sdk-core/src/entryPoint.js:9:3)
OS: darwin
Node: v22.6.0
SDK Versions: {
  "@embeddable.com/core": "2.6.8",
  "@embeddable.com/react": "2.7.5",
  "@embeddable.com/sdk-core": "3.9.6",
  "@embeddable.com/sdk-react": "3.8.2",
  "@embeddable.com/sdk-utils": "0.4.0"
}
----------------------------------------

[2024-11-06T10:24:56.208Z] Command: dev
Breadcrumbs: unhandledRejection
Error: TypeError: Cannot assign to read only property 'stack' of object 'Error: [validate-component-meta] Cannot find module '/Users/yashkeshri/IdeaProjects/cube/material-ui/node_modules/@mui/x-charts/LineChart/LineChart' imported from /Users/yashkeshri/IdeaProjects/cube/material-ui/src/embeddable.com/components/MUILineChart/index.tsx
Did you mean to import "@mui/x-charts/LineChart/LineChart.js"?'
TypeError: Cannot assign to read only property 'stack' of object 'Error: [validate-component-meta] Cannot find module '/Users/yashkeshri/IdeaProjects/cube/material-ui/node_modules/@mui/x-charts/LineChart/LineChart' imported from /Users/yashkeshri/IdeaProjects/cube/material-ui/src/embeddable.com/components/MUILineChart/index.tsx
Did you mean to import "@mui/x-charts/LineChart/LineChart.js"?'
    at enhanceRollupError (file:///Users/yashkeshri/IdeaProjects/cube/material-ui/node_modules/vite/dist/node/chunks/dep-BWSbWtLw.js:65320:15)
    at outputBuildError (file:///Users/yashkeshri/IdeaProjects/cube/material-ui/node_modules/vite/dist/node/chunks/dep-BWSbWtLw.js:65325:5)
    at file:///Users/yashkeshri/IdeaProjects/cube/material-ui/node_modules/vite/dist/node/chunks/dep-BWSbWtLw.js:65436:11
    at file:///Users/yashkeshri/IdeaProjects/cube/material-ui/node_modules/rollup/dist/es/shared/node-entry.js:22159:117
    at Array.map (<anonymous>)
    at WatchEmitter.emit (file:///Users/yashkeshri/IdeaProjects/cube/material-ui/node_modules/rollup/dist/es/shared/node-entry.js:22159:102)
    at Task.run (file:///Users/yashkeshri/IdeaProjects/cube/material-ui/node_modules/rollup/dist/es/shared/watch.js:9258:40)
    at async Watcher.run (file:///Users/yashkeshri/IdeaProjects/cube/material-ui/node_modules/rollup/dist/es/shared/watch.js:9159:13)
OS: darwin
Node: v22.6.0
SDK Versions: {
  "@embeddable.com/core": "2.6.8",
  "@embeddable.com/react": "2.7.5",
  "@embeddable.com/sdk-core": "3.9.6",
  "@embeddable.com/sdk-react": "3.8.2",
  "@embeddable.com/sdk-utils": "0.4.0"
}
----------------------------------------

[2024-11-06T10:26:57.791Z] Command: dev
Breadcrumbs: unhandledRejection
Error: TypeError: Cannot assign to read only property 'stack' of object 'Error: [validate-component-meta] Cannot find module '/Users/yashkeshri/IdeaProjects/cube/material-ui/node_modules/@mui/x-charts/LineChart/index' imported from /Users/yashkeshri/IdeaProjects/cube/material-ui/src/embeddable.com/components/MUILineChart/index.tsx
Did you mean to import "@mui/x-charts/LineChart/index.js"?'
TypeError: Cannot assign to read only property 'stack' of object 'Error: [validate-component-meta] Cannot find module '/Users/yashkeshri/IdeaProjects/cube/material-ui/node_modules/@mui/x-charts/LineChart/index' imported from /Users/yashkeshri/IdeaProjects/cube/material-ui/src/embeddable.com/components/MUILineChart/index.tsx
Did you mean to import "@mui/x-charts/LineChart/index.js"?'
    at enhanceRollupError (file:///Users/yashkeshri/IdeaProjects/cube/material-ui/node_modules/vite/dist/node/chunks/dep-BWSbWtLw.js:65320:15)
    at outputBuildError (file:///Users/yashkeshri/IdeaProjects/cube/material-ui/node_modules/vite/dist/node/chunks/dep-BWSbWtLw.js:65325:5)
    at file:///Users/yashkeshri/IdeaProjects/cube/material-ui/node_modules/vite/dist/node/chunks/dep-BWSbWtLw.js:65436:11
    at file:///Users/yashkeshri/IdeaProjects/cube/material-ui/node_modules/rollup/dist/es/shared/node-entry.js:22159:117
    at Array.map (<anonymous>)
    at WatchEmitter.emit (file:///Users/yashkeshri/IdeaProjects/cube/material-ui/node_modules/rollup/dist/es/shared/node-entry.js:22159:102)
    at Task.run (file:///Users/yashkeshri/IdeaProjects/cube/material-ui/node_modules/rollup/dist/es/shared/watch.js:9258:40)
    at async Watcher.run (file:///Users/yashkeshri/IdeaProjects/cube/material-ui/node_modules/rollup/dist/es/shared/watch.js:9159:13)
OS: darwin
Node: v22.6.0
SDK Versions: {
  "@embeddable.com/core": "2.6.8",
  "@embeddable.com/react": "2.7.5",
  "@embeddable.com/sdk-core": "3.9.6",
  "@embeddable.com/sdk-react": "3.8.2",
  "@embeddable.com/sdk-utils": "0.4.0"
}
----------------------------------------

[2024-11-06T12:35:28.700Z] Command: dev
Breadcrumbs: unhandledRejection
Error: TypeError: Cannot assign to read only property 'stack' of object 'Error: [validate-component-meta] Directory import '/Users/yashkeshri/IdeaProjects/cube/material-ui/node_modules/@mui/x-date-pickers/AdapterDayjs' is not supported resolving ES modules imported from /Users/yashkeshri/IdeaProjects/cube/material-ui/src/embeddable.com/components/DateRangePicker/index.tsx
Did you mean to import "@mui/x-date-pickers/node/AdapterDayjs/index.js"?'
TypeError: Cannot assign to read only property 'stack' of object 'Error: [validate-component-meta] Directory import '/Users/yashkeshri/IdeaProjects/cube/material-ui/node_modules/@mui/x-date-pickers/AdapterDayjs' is not supported resolving ES modules imported from /Users/yashkeshri/IdeaProjects/cube/material-ui/src/embeddable.com/components/DateRangePicker/index.tsx
Did you mean to import "@mui/x-date-pickers/node/AdapterDayjs/index.js"?'
    at enhanceRollupError (file:///Users/yashkeshri/IdeaProjects/cube/material-ui/node_modules/vite/dist/node/chunks/dep-BWSbWtLw.js:65320:15)
    at outputBuildError (file:///Users/yashkeshri/IdeaProjects/cube/material-ui/node_modules/vite/dist/node/chunks/dep-BWSbWtLw.js:65325:5)
    at file:///Users/yashkeshri/IdeaProjects/cube/material-ui/node_modules/vite/dist/node/chunks/dep-BWSbWtLw.js:65436:11
    at file:///Users/yashkeshri/IdeaProjects/cube/material-ui/node_modules/rollup/dist/es/shared/node-entry.js:22159:117
    at Array.map (<anonymous>)
    at WatchEmitter.emit (file:///Users/yashkeshri/IdeaProjects/cube/material-ui/node_modules/rollup/dist/es/shared/node-entry.js:22159:102)
    at Task.run (file:///Users/yashkeshri/IdeaProjects/cube/material-ui/node_modules/rollup/dist/es/shared/watch.js:9258:40)
    at async Watcher.run (file:///Users/yashkeshri/IdeaProjects/cube/material-ui/node_modules/rollup/dist/es/shared/watch.js:9159:13)
OS: darwin
Node: v22.6.0
SDK Versions: {
  "@embeddable.com/core": "2.6.8",
  "@embeddable.com/react": "2.7.5",
  "@embeddable.com/sdk-core": "3.9.6",
  "@embeddable.com/sdk-react": "3.8.2",
  "@embeddable.com/sdk-utils": "0.4.0"
}
----------------------------------------

[2024-11-06T12:38:44.832Z] Command: dev
Breadcrumbs: unhandledRejection
Error: TypeError: Cannot assign to read only property 'stack' of object 'Error: [validate-component-meta] Directory import '/Users/yashkeshri/IdeaProjects/cube/material-ui/node_modules/@mui/x-date-pickers/AdapterDayjs' is not supported resolving ES modules imported from /Users/yashkeshri/IdeaProjects/cube/material-ui/src/embeddable.com/components/DateRangePicker/index.tsx
Did you mean to import "@mui/x-date-pickers/node/AdapterDayjs/index.js"?'
TypeError: Cannot assign to read only property 'stack' of object 'Error: [validate-component-meta] Directory import '/Users/yashkeshri/IdeaProjects/cube/material-ui/node_modules/@mui/x-date-pickers/AdapterDayjs' is not supported resolving ES modules imported from /Users/yashkeshri/IdeaProjects/cube/material-ui/src/embeddable.com/components/DateRangePicker/index.tsx
Did you mean to import "@mui/x-date-pickers/node/AdapterDayjs/index.js"?'
    at enhanceRollupError (file:///Users/yashkeshri/IdeaProjects/cube/material-ui/node_modules/vite/dist/node/chunks/dep-BWSbWtLw.js:65320:15)
    at outputBuildError (file:///Users/yashkeshri/IdeaProjects/cube/material-ui/node_modules/vite/dist/node/chunks/dep-BWSbWtLw.js:65325:5)
    at file:///Users/yashkeshri/IdeaProjects/cube/material-ui/node_modules/vite/dist/node/chunks/dep-BWSbWtLw.js:65436:11
    at file:///Users/yashkeshri/IdeaProjects/cube/material-ui/node_modules/rollup/dist/es/shared/node-entry.js:22159:117
    at Array.map (<anonymous>)
    at WatchEmitter.emit (file:///Users/yashkeshri/IdeaProjects/cube/material-ui/node_modules/rollup/dist/es/shared/node-entry.js:22159:102)
    at Task.run (file:///Users/yashkeshri/IdeaProjects/cube/material-ui/node_modules/rollup/dist/es/shared/watch.js:9258:40)
    at async Watcher.run (file:///Users/yashkeshri/IdeaProjects/cube/material-ui/node_modules/rollup/dist/es/shared/watch.js:9159:13)
OS: darwin
Node: v22.6.0
SDK Versions: {
  "@embeddable.com/core": "2.6.8",
  "@embeddable.com/react": "2.7.5",
  "@embeddable.com/sdk-core": "3.9.6",
  "@embeddable.com/sdk-react": "3.8.2",
  "@embeddable.com/sdk-utils": "0.4.0"
}
----------------------------------------

[2024-11-06T12:41:09.309Z] Command: dev
Breadcrumbs: unhandledRejection
Error: TypeError: Cannot assign to read only property 'stack' of object 'Error: [validate-component-meta] Cannot find module '/Users/yashkeshri/IdeaProjects/cube/material-ui/node_modules/@mui/x-date-pickers/AdapterDayjs/AdapterDayjs' imported from /Users/yashkeshri/IdeaProjects/cube/material-ui/src/embeddable.com/components/DateRangePicker/index.tsx
Did you mean to import "@mui/x-date-pickers/AdapterDayjs/AdapterDayjs.js"?'
TypeError: Cannot assign to read only property 'stack' of object 'Error: [validate-component-meta] Cannot find module '/Users/yashkeshri/IdeaProjects/cube/material-ui/node_modules/@mui/x-date-pickers/AdapterDayjs/AdapterDayjs' imported from /Users/yashkeshri/IdeaProjects/cube/material-ui/src/embeddable.com/components/DateRangePicker/index.tsx
Did you mean to import "@mui/x-date-pickers/AdapterDayjs/AdapterDayjs.js"?'
    at enhanceRollupError (file:///Users/yashkeshri/IdeaProjects/cube/material-ui/node_modules/vite/dist/node/chunks/dep-BWSbWtLw.js:65320:15)
    at outputBuildError (file:///Users/yashkeshri/IdeaProjects/cube/material-ui/node_modules/vite/dist/node/chunks/dep-BWSbWtLw.js:65325:5)
    at file:///Users/yashkeshri/IdeaProjects/cube/material-ui/node_modules/vite/dist/node/chunks/dep-BWSbWtLw.js:65436:11
    at file:///Users/yashkeshri/IdeaProjects/cube/material-ui/node_modules/rollup/dist/es/shared/node-entry.js:22159:117
    at Array.map (<anonymous>)
    at WatchEmitter.emit (file:///Users/yashkeshri/IdeaProjects/cube/material-ui/node_modules/rollup/dist/es/shared/node-entry.js:22159:102)
    at Task.run (file:///Users/yashkeshri/IdeaProjects/cube/material-ui/node_modules/rollup/dist/es/shared/watch.js:9258:40)
    at async Watcher.run (file:///Users/yashkeshri/IdeaProjects/cube/material-ui/node_modules/rollup/dist/es/shared/watch.js:9159:13)
OS: darwin
Node: v22.6.0
SDK Versions: {
  "@embeddable.com/core": "2.6.8",
  "@embeddable.com/react": "2.7.5",
  "@embeddable.com/sdk-core": "3.9.6",
  "@embeddable.com/sdk-react": "3.8.2",
  "@embeddable.com/sdk-utils": "0.4.0"
}
----------------------------------------

[2024-11-06T12:41:26.535Z] Command: dev
Breadcrumbs: unhandledRejection
Error: TypeError: Cannot assign to read only property 'stack' of object 'Error: [validate-component-meta] Cannot find module '/Users/yashkeshri/IdeaProjects/cube/material-ui/node_modules/@mui/x-date-pickers/AdapterDayjs/AdapterDayjs' imported from /Users/yashkeshri/IdeaProjects/cube/material-ui/src/embeddable.com/components/DateRangePicker/index.tsx
Did you mean to import "@mui/x-date-pickers/AdapterDayjs/AdapterDayjs.js"?'
TypeError: Cannot assign to read only property 'stack' of object 'Error: [validate-component-meta] Cannot find module '/Users/yashkeshri/IdeaProjects/cube/material-ui/node_modules/@mui/x-date-pickers/AdapterDayjs/AdapterDayjs' imported from /Users/yashkeshri/IdeaProjects/cube/material-ui/src/embeddable.com/components/DateRangePicker/index.tsx
Did you mean to import "@mui/x-date-pickers/AdapterDayjs/AdapterDayjs.js"?'
    at enhanceRollupError (file:///Users/yashkeshri/IdeaProjects/cube/material-ui/node_modules/vite/dist/node/chunks/dep-BWSbWtLw.js:65320:15)
    at outputBuildError (file:///Users/yashkeshri/IdeaProjects/cube/material-ui/node_modules/vite/dist/node/chunks/dep-BWSbWtLw.js:65325:5)
    at file:///Users/yashkeshri/IdeaProjects/cube/material-ui/node_modules/vite/dist/node/chunks/dep-BWSbWtLw.js:65436:11
    at file:///Users/yashkeshri/IdeaProjects/cube/material-ui/node_modules/rollup/dist/es/shared/node-entry.js:22159:117
    at Array.map (<anonymous>)
    at WatchEmitter.emit (file:///Users/yashkeshri/IdeaProjects/cube/material-ui/node_modules/rollup/dist/es/shared/node-entry.js:22159:102)
    at Task.run (file:///Users/yashkeshri/IdeaProjects/cube/material-ui/node_modules/rollup/dist/es/shared/watch.js:9258:40)
    at async Watcher.run (file:///Users/yashkeshri/IdeaProjects/cube/material-ui/node_modules/rollup/dist/es/shared/watch.js:9159:13)
OS: darwin
Node: v22.6.0
SDK Versions: {
  "@embeddable.com/core": "2.6.8",
  "@embeddable.com/react": "2.7.5",
  "@embeddable.com/sdk-core": "3.9.6",
  "@embeddable.com/sdk-react": "3.8.2",
  "@embeddable.com/sdk-utils": "0.4.0"
}
----------------------------------------

[2024-11-06T12:50:17.571Z] Command: dev
Breadcrumbs: unhandledRejection
Error: TypeError: Cannot assign to read only property 'stack' of object 'Error: [validate-component-meta] Directory import '/Users/yashkeshri/IdeaProjects/cube/material-ui/node_modules/@mui/x-date-pickers/AdapterDayjs' is not supported resolving ES modules imported from /Users/yashkeshri/IdeaProjects/cube/material-ui/src/embeddable.com/components/DateRangePicker/index.tsx
Did you mean to import "@mui/x-date-pickers/node/AdapterDayjs/index.js"?'
TypeError: Cannot assign to read only property 'stack' of object 'Error: [validate-component-meta] Directory import '/Users/yashkeshri/IdeaProjects/cube/material-ui/node_modules/@mui/x-date-pickers/AdapterDayjs' is not supported resolving ES modules imported from /Users/yashkeshri/IdeaProjects/cube/material-ui/src/embeddable.com/components/DateRangePicker/index.tsx
Did you mean to import "@mui/x-date-pickers/node/AdapterDayjs/index.js"?'
    at enhanceRollupError (file:///Users/yashkeshri/IdeaProjects/cube/material-ui/node_modules/vite/dist/node/chunks/dep-BWSbWtLw.js:65320:15)
    at outputBuildError (file:///Users/yashkeshri/IdeaProjects/cube/material-ui/node_modules/vite/dist/node/chunks/dep-BWSbWtLw.js:65325:5)
    at file:///Users/yashkeshri/IdeaProjects/cube/material-ui/node_modules/vite/dist/node/chunks/dep-BWSbWtLw.js:65436:11
    at file:///Users/yashkeshri/IdeaProjects/cube/material-ui/node_modules/rollup/dist/es/shared/node-entry.js:22159:117
    at Array.map (<anonymous>)
    at WatchEmitter.emit (file:///Users/yashkeshri/IdeaProjects/cube/material-ui/node_modules/rollup/dist/es/shared/node-entry.js:22159:102)
    at Task.run (file:///Users/yashkeshri/IdeaProjects/cube/material-ui/node_modules/rollup/dist/es/shared/watch.js:9258:40)
    at async Watcher.run (file:///Users/yashkeshri/IdeaProjects/cube/material-ui/node_modules/rollup/dist/es/shared/watch.js:9159:13)
OS: darwin
Node: v22.6.0
SDK Versions: {
  "@embeddable.com/core": "2.6.8",
  "@embeddable.com/react": "2.7.5",
  "@embeddable.com/sdk-core": "3.9.6",
  "@embeddable.com/sdk-react": "3.8.2",
  "@embeddable.com/sdk-utils": "0.4.0"
}
----------------------------------------

[2024-11-06T12:52:13.231Z] Command: dev
Breadcrumbs: unhandledRejection
Error: TypeError: Cannot assign to read only property 'stack' of object 'Error: [validate-component-meta] Directory import '/Users/yashkeshri/IdeaProjects/cube/material-ui/node_modules/@mui/x-date-pickers/AdapterDayjs' is not supported resolving ES modules imported from /Users/yashkeshri/IdeaProjects/cube/material-ui/src/embeddable.com/components/DateRangePicker/index.tsx
Did you mean to import "@mui/x-date-pickers/node/AdapterDayjs/index.js"?'
TypeError: Cannot assign to read only property 'stack' of object 'Error: [validate-component-meta] Directory import '/Users/yashkeshri/IdeaProjects/cube/material-ui/node_modules/@mui/x-date-pickers/AdapterDayjs' is not supported resolving ES modules imported from /Users/yashkeshri/IdeaProjects/cube/material-ui/src/embeddable.com/components/DateRangePicker/index.tsx
Did you mean to import "@mui/x-date-pickers/node/AdapterDayjs/index.js"?'
    at enhanceRollupError (file:///Users/yashkeshri/IdeaProjects/cube/material-ui/node_modules/vite/dist/node/chunks/dep-BWSbWtLw.js:65320:15)
    at outputBuildError (file:///Users/yashkeshri/IdeaProjects/cube/material-ui/node_modules/vite/dist/node/chunks/dep-BWSbWtLw.js:65325:5)
    at file:///Users/yashkeshri/IdeaProjects/cube/material-ui/node_modules/vite/dist/node/chunks/dep-BWSbWtLw.js:65436:11
    at file:///Users/yashkeshri/IdeaProjects/cube/material-ui/node_modules/rollup/dist/es/shared/node-entry.js:22159:117
    at Array.map (<anonymous>)
    at WatchEmitter.emit (file:///Users/yashkeshri/IdeaProjects/cube/material-ui/node_modules/rollup/dist/es/shared/node-entry.js:22159:102)
    at Task.run (file:///Users/yashkeshri/IdeaProjects/cube/material-ui/node_modules/rollup/dist/es/shared/watch.js:9258:40)
    at async Watcher.run (file:///Users/yashkeshri/IdeaProjects/cube/material-ui/node_modules/rollup/dist/es/shared/watch.js:9159:13)
OS: darwin
Node: v22.6.0
SDK Versions: {
  "@embeddable.com/core": "2.6.8",
  "@embeddable.com/react": "2.7.5",
  "@embeddable.com/sdk-core": "3.9.6",
  "@embeddable.com/sdk-react": "3.8.2",
  "@embeddable.com/sdk-utils": "0.4.0"
}
----------------------------------------

[2024-11-06T12:58:14.501Z] Command: dev
Breadcrumbs: unhandledRejection
Error: TypeError: Cannot assign to read only property 'stack' of object 'Error: [validate-component-meta] Directory import '/Users/yashkeshri/IdeaProjects/cube/material-ui/node_modules/@mui/x-date-pickers/AdapterDayjs' is not supported resolving ES modules imported from /Users/yashkeshri/IdeaProjects/cube/material-ui/src/embeddable.com/components/DateRangePicker/index.tsx
Did you mean to import "@mui/x-date-pickers/node/AdapterDayjs/index.js"?'
TypeError: Cannot assign to read only property 'stack' of object 'Error: [validate-component-meta] Directory import '/Users/yashkeshri/IdeaProjects/cube/material-ui/node_modules/@mui/x-date-pickers/AdapterDayjs' is not supported resolving ES modules imported from /Users/yashkeshri/IdeaProjects/cube/material-ui/src/embeddable.com/components/DateRangePicker/index.tsx
Did you mean to import "@mui/x-date-pickers/node/AdapterDayjs/index.js"?'
    at enhanceRollupError (file:///Users/yashkeshri/IdeaProjects/cube/material-ui/node_modules/vite/dist/node/chunks/dep-BWSbWtLw.js:65320:15)
    at outputBuildError (file:///Users/yashkeshri/IdeaProjects/cube/material-ui/node_modules/vite/dist/node/chunks/dep-BWSbWtLw.js:65325:5)
    at file:///Users/yashkeshri/IdeaProjects/cube/material-ui/node_modules/vite/dist/node/chunks/dep-BWSbWtLw.js:65436:11
    at file:///Users/yashkeshri/IdeaProjects/cube/material-ui/node_modules/rollup/dist/es/shared/node-entry.js:22159:117
    at Array.map (<anonymous>)
    at WatchEmitter.emit (file:///Users/yashkeshri/IdeaProjects/cube/material-ui/node_modules/rollup/dist/es/shared/node-entry.js:22159:102)
    at Task.run (file:///Users/yashkeshri/IdeaProjects/cube/material-ui/node_modules/rollup/dist/es/shared/watch.js:9258:40)
    at async Watcher.run (file:///Users/yashkeshri/IdeaProjects/cube/material-ui/node_modules/rollup/dist/es/shared/watch.js:9159:13)
OS: darwin
Node: v22.6.0
SDK Versions: {
  "@embeddable.com/core": "2.6.8",
  "@embeddable.com/react": "2.7.5",
  "@embeddable.com/sdk-core": "3.9.6",
  "@embeddable.com/sdk-react": "3.8.2",
  "@embeddable.com/sdk-utils": "0.4.0"
}
----------------------------------------

[2024-11-06T13:00:17.949Z] Command: build
Breadcrumbs: checkNodeVersion > sdk-react: validate > sdk-react: build
Error: TypeError: Cannot assign to read only property 'stack' of object 'Error: [validate-component-meta] Cannot find module '/Users/yashkeshri/IdeaProjects/cube/material-ui/node_modules/@mui/x-date-pickers/index' imported from /Users/yashkeshri/IdeaProjects/cube/material-ui/src/embeddable.com/components/DateRangePicker/index.tsx
Did you mean to import "@mui/x-date-pickers/index.js"?'
TypeError: Cannot assign to read only property 'stack' of object 'Error: [validate-component-meta] Cannot find module '/Users/yashkeshri/IdeaProjects/cube/material-ui/node_modules/@mui/x-date-pickers/index' imported from /Users/yashkeshri/IdeaProjects/cube/material-ui/src/embeddable.com/components/DateRangePicker/index.tsx
Did you mean to import "@mui/x-date-pickers/index.js"?'
    at enhanceRollupError (file:///Users/yashkeshri/IdeaProjects/cube/material-ui/node_modules/vite/dist/node/chunks/dep-BWSbWtLw.js:65320:15)
    at Module.build (file:///Users/yashkeshri/IdeaProjects/cube/material-ui/node_modules/vite/dist/node/chunks/dep-BWSbWtLw.js:65456:5)
    at async runViteBuild (/Users/yashkeshri/IdeaProjects/cube/material-ui/node_modules/@embeddable.com/sdk-react/src/generate.ts:38:10)
    at async generate (/Users/yashkeshri/IdeaProjects/cube/material-ui/node_modules/@embeddable.com/sdk-react/src/generate.ts:30:14)
    at async build (/Users/yashkeshri/IdeaProjects/cube/material-ui/node_modules/@embeddable.com/sdk-core/src/build.ts:40:7)
    at async main (/Users/yashkeshri/IdeaProjects/cube/material-ui/node_modules/@embeddable.com/sdk-core/src/entryPoint.js:9:3)
OS: darwin
Node: v22.6.0
SDK Versions: {
  "@embeddable.com/core": "2.6.8",
  "@embeddable.com/react": "2.7.5",
  "@embeddable.com/sdk-core": "3.9.6",
  "@embeddable.com/sdk-react": "3.8.2",
  "@embeddable.com/sdk-utils": "0.4.0"
}
----------------------------------------

[2024-11-06T13:02:10.220Z] Command: build
Breadcrumbs: checkNodeVersion > sdk-react: validate > sdk-react: build
Error: TypeError: Cannot assign to read only property 'stack' of object 'Error: [validate-component-meta] Cannot find module '/Users/yashkeshri/IdeaProjects/cube/material-ui/node_modules/@mui/x-date-pickers/AdapterDayjs/index' imported from /Users/yashkeshri/IdeaProjects/cube/material-ui/src/embeddable.com/components/DateRangePicker/index.tsx
Did you mean to import "@mui/x-date-pickers/AdapterDayjs/index.js"?'
TypeError: Cannot assign to read only property 'stack' of object 'Error: [validate-component-meta] Cannot find module '/Users/yashkeshri/IdeaProjects/cube/material-ui/node_modules/@mui/x-date-pickers/AdapterDayjs/index' imported from /Users/yashkeshri/IdeaProjects/cube/material-ui/src/embeddable.com/components/DateRangePicker/index.tsx
Did you mean to import "@mui/x-date-pickers/AdapterDayjs/index.js"?'
    at enhanceRollupError (file:///Users/yashkeshri/IdeaProjects/cube/material-ui/node_modules/vite/dist/node/chunks/dep-BWSbWtLw.js:65320:15)
    at Module.build (file:///Users/yashkeshri/IdeaProjects/cube/material-ui/node_modules/vite/dist/node/chunks/dep-BWSbWtLw.js:65456:5)
    at async runViteBuild (/Users/yashkeshri/IdeaProjects/cube/material-ui/node_modules/@embeddable.com/sdk-react/src/generate.ts:38:10)
    at async generate (/Users/yashkeshri/IdeaProjects/cube/material-ui/node_modules/@embeddable.com/sdk-react/src/generate.ts:30:14)
    at async build (/Users/yashkeshri/IdeaProjects/cube/material-ui/node_modules/@embeddable.com/sdk-core/src/build.ts:40:7)
    at async main (/Users/yashkeshri/IdeaProjects/cube/material-ui/node_modules/@embeddable.com/sdk-core/src/entryPoint.js:9:3)
OS: darwin
Node: v22.6.0
SDK Versions: {
  "@embeddable.com/core": "2.6.8",
  "@embeddable.com/react": "2.7.5",
  "@embeddable.com/sdk-core": "3.9.6",
  "@embeddable.com/sdk-react": "3.8.2",
  "@embeddable.com/sdk-utils": "0.4.0"
}
----------------------------------------

[2024-11-06T13:02:26.241Z] Command: build
Breadcrumbs: checkNodeVersion > sdk-react: validate > sdk-react: build
Error: TypeError: Cannot assign to read only property 'stack' of object 'Error: [validate-component-meta] Cannot find module '/Users/yashkeshri/IdeaProjects/cube/material-ui/node_modules/@mui/x-date-pickers/AdapterDayjs/AdapterDayjs' imported from /Users/yashkeshri/IdeaProjects/cube/material-ui/src/embeddable.com/components/DateRangePicker/index.tsx
Did you mean to import "@mui/x-date-pickers/AdapterDayjs/AdapterDayjs.js"?'
TypeError: Cannot assign to read only property 'stack' of object 'Error: [validate-component-meta] Cannot find module '/Users/yashkeshri/IdeaProjects/cube/material-ui/node_modules/@mui/x-date-pickers/AdapterDayjs/AdapterDayjs' imported from /Users/yashkeshri/IdeaProjects/cube/material-ui/src/embeddable.com/components/DateRangePicker/index.tsx
Did you mean to import "@mui/x-date-pickers/AdapterDayjs/AdapterDayjs.js"?'
    at enhanceRollupError (file:///Users/yashkeshri/IdeaProjects/cube/material-ui/node_modules/vite/dist/node/chunks/dep-BWSbWtLw.js:65320:15)
    at Module.build (file:///Users/yashkeshri/IdeaProjects/cube/material-ui/node_modules/vite/dist/node/chunks/dep-BWSbWtLw.js:65456:5)
    at async runViteBuild (/Users/yashkeshri/IdeaProjects/cube/material-ui/node_modules/@embeddable.com/sdk-react/src/generate.ts:38:10)
    at async generate (/Users/yashkeshri/IdeaProjects/cube/material-ui/node_modules/@embeddable.com/sdk-react/src/generate.ts:30:14)
    at async build (/Users/yashkeshri/IdeaProjects/cube/material-ui/node_modules/@embeddable.com/sdk-core/src/build.ts:40:7)
    at async main (/Users/yashkeshri/IdeaProjects/cube/material-ui/node_modules/@embeddable.com/sdk-core/src/entryPoint.js:9:3)
OS: darwin
Node: v22.6.0
SDK Versions: {
  "@embeddable.com/core": "2.6.8",
  "@embeddable.com/react": "2.7.5",
  "@embeddable.com/sdk-core": "3.9.6",
  "@embeddable.com/sdk-react": "3.8.2",
  "@embeddable.com/sdk-utils": "0.4.0"
}
----------------------------------------
